<?xml version="1.0" encoding="UTF-8"?>
<testng-results skipped="0" failed="0" total="2" passed="2">
  <reporter-output>
  </reporter-output>
  <suite name="Suite1" duration-ms="59631" started-at="2021-02-06T07:18:42Z" finished-at="2021-02-06T07:19:42Z">
    <groups>
    </groups>
    <test name="HotelBooking" duration-ms="59631" started-at="2021-02-06T07:18:42Z" finished-at="2021-02-06T07:19:42Z">
      <class name="TestCases.Login">
        <test-method status="PASS" signature="beforeMethod()[pri:0, instance:TestCases.Login@52af6cff]" name="beforeMethod" is-config="true" duration-ms="22358" started-at="2021-02-06T12:48:42Z" finished-at="2021-02-06T12:49:05Z">
          <reporter-output>
          </reporter-output>
        </test-method> <!-- beforeMethod -->
        <test-method status="PASS" signature="login()[pri:0, instance:TestCases.Login@52af6cff]" name="login" duration-ms="14419" started-at="2021-02-06T12:49:05Z" finished-at="2021-02-06T12:49:19Z">
          <reporter-output>
          </reporter-output>
        </test-method> <!-- login -->
        <test-method status="PASS" signature="subredditValidatio()[pri:0, instance:TestCases.Login@52af6cff]" name="subredditValidatio" duration-ms="16607" started-at="2021-02-06T12:49:19Z" finished-at="2021-02-06T12:49:36Z">
          <reporter-output>
          </reporter-output>
        </test-method> <!-- subredditValidatio -->
        <test-method status="PASS" signature="afterMethod()[pri:0, instance:TestCases.Login@52af6cff]" name="afterMethod" is-config="true" duration-ms="6236" started-at="2021-02-06T12:49:36Z" finished-at="2021-02-06T12:49:42Z">
          <reporter-output>
          </reporter-output>
        </test-method> <!-- afterMethod -->
      </class> <!-- TestCases.Login -->
    </test> <!-- HotelBooking -->
  </suite> <!-- Suite1 -->
</testng-results>
