<?xml version="1.0" encoding="UTF-8"?>
<testng-results skipped="0" failed="0" ignored="0" total="2" passed="2">
  <reporter-output>
  </reporter-output>
  <suite name="Suite1" duration-ms="70510" started-at="2021-02-08T17:24:44 IST" finished-at="2021-02-08T17:25:54 IST">
    <groups>
    </groups>
    <test name="HotelBooking" duration-ms="70510" started-at="2021-02-08T17:24:44 IST" finished-at="2021-02-08T17:25:54 IST">
      <class name="TestCases.Login">
        <test-method status="PASS" signature="beforeMethod()[pri:0, instance:TestCases.Login@2473b9ce]" name="beforeMethod" is-config="true" duration-ms="17841" started-at="2021-02-08T17:24:44 IST" finished-at="2021-02-08T17:25:02 IST">
          <reporter-output>
          </reporter-output>
        </test-method> <!-- beforeMethod -->
        <test-method status="PASS" signature="login()[pri:0, instance:TestCases.Login@2473b9ce]" name="login" duration-ms="14254" started-at="2021-02-08T17:25:02 IST" finished-at="2021-02-08T17:25:16 IST">
          <reporter-output>
          </reporter-output>
        </test-method> <!-- login -->
        <test-method status="PASS" signature="subredditValidatio()[pri:0, instance:TestCases.Login@2473b9ce]" name="subredditValidatio" duration-ms="35749" started-at="2021-02-08T17:25:16 IST" finished-at="2021-02-08T17:25:52 IST">
          <reporter-output>
          </reporter-output>
        </test-method> <!-- subredditValidatio -->
        <test-method status="PASS" signature="afterMethod()[pri:0, instance:TestCases.Login@2473b9ce]" name="afterMethod" is-config="true" duration-ms="2624" started-at="2021-02-08T17:25:52 IST" finished-at="2021-02-08T17:25:54 IST">
          <reporter-output>
          </reporter-output>
        </test-method> <!-- afterMethod -->
      </class> <!-- TestCases.Login -->
    </test> <!-- HotelBooking -->
  </suite> <!-- Suite1 -->
</testng-results>
